<?xml version="1.0" encoding="UTF-8"?>
<!-- Generated by org.testng.reporters.JUnitXMLReporter -->
<testsuite hostname="DESKTOP-PQKH3B1" failures="0" tests="8" name="Test" time="0.036" errors="0" timestamp="19 Jun 2020 08:11:25 GMT">
  <testcase classname="test.TestLogin" name="test" time="0.013"/>
  <testcase classname="test.TestLogin" name="test1" time="0.001">
    <skipped/>
  </testcase> <!-- test1 -->
  <testcase classname="test.TestLogin" name="test2" time="0.001">
    <skipped/>
  </testcase> <!-- test2 -->
  <testcase classname="test.TestLogin" name="test3" time="0.0">
    <skipped/>
  </testcase> <!-- test3 -->
  <testcase classname="test.TestLogin" name="test4" time="0.001">
    <skipped/>
  </testcase> <!-- test4 -->
  <testcase classname="test.TestLogin" name="test5" time="0.0">
    <skipped/>
  </testcase> <!-- test5 -->
  <testcase classname="test.TestLogin" name="test6" time="0.0">
    <skipped/>
  </testcase> <!-- test6 -->
  <testcase classname="test.TestLogin" name="test7" time="0.0">
    <skipped/>
  </testcase> <!-- test7 -->
</testsuite> <!-- Test -->
